Build started 7/19/2012 12:17:56 PM.
     1>Project "C:\Users\Adam\documents\visual studio 2010\Projects\SUFFIX_TREE_VS_V2\SUFFIX_TREE_VS_V2\SUFFIX_TREE_VS_V2.vcxproj" on node 2 (build target(s)).
     1>InitializeBuildStatus:
         Creating "Debug\SUFFIX_TREE_VS_V2.unsuccessfulbuild" because "AlwaysCreate" was specified.
       ClCompile:
         C:\Program Files (x86)\Microsoft Visual Studio 10.0\VC\bin\CL.exe /c /ZI /nologo /W3 /WX- /Od /Oy- /D _MBCS /Gm /EHsc /RTC1 /MDd /GS /fp:precise /Zc:wchar_t /Zc:forScope /Fo"Debug\\" /Fd"Debug\vc100.pdb" /Gd /TP /analyze- /errorReport:prompt main.cpp
         main.cpp
     1>c:\users\adam\documents\visual studio 2010\projects\suffix_tree_vs_v2\suffix_tree_vs_v2\main.cpp(10): warning C4996: 'freopen': This function or variable may be unsafe. Consider using freopen_s instead. To disable deprecation, use _CRT_SECURE_NO_WARNINGS. See online help for details.
                 c:\program files (x86)\microsoft visual studio 10.0\vc\include\stdio.h(249) : see declaration of 'freopen'
       Link:
         C:\Program Files (x86)\Microsoft Visual Studio 10.0\VC\bin\link.exe /ERRORREPORT:PROMPT /OUT:"C:\Users\Adam\documents\visual studio 2010\Projects\SUFFIX_TREE_VS_V2\Debug\SUFFIX_TREE_VS_V2.exe" /NOLOGO kernel32.lib user32.lib gdi32.lib winspool.lib comdlg32.lib advapi32.lib shell32.lib ole32.lib oleaut32.lib uuid.lib odbc32.lib odbccp32.lib /MANIFEST /ManifestFile:"Debug\SUFFIX_TREE_VS_V2.exe.intermediate.manifest" /MANIFESTUAC:"level='asInvoker' uiAccess='false'" /DEBUG /PDB:"C:\Users\Adam\documents\visual studio 2010\Projects\SUFFIX_TREE_VS_V2\Debug\SUFFIX_TREE_VS_V2.pdb" /TLBID:1 /DYNAMICBASE /NXCOMPAT /IMPLIB:"C:\Users\Adam\documents\visual studio 2010\Projects\SUFFIX_TREE_VS_V2\Debug\SUFFIX_TREE_VS_V2.lib" /MACHINE:X86 Debug\FASTA_FileReader.obj
         Debug\main.obj
         Debug\Node.obj
         Debug\Suffix.obj
         Debug\SuffixTree.obj
         LINK : C:\Users\Adam\documents\visual studio 2010\Projects\SUFFIX_TREE_VS_V2\Debug\SUFFIX_TREE_VS_V2.exe not found or not built by the last incremental link; performing full link
         SUFFIX_TREE_VS_V2.vcxproj -> C:\Users\Adam\documents\visual studio 2010\Projects\SUFFIX_TREE_VS_V2\Debug\SUFFIX_TREE_VS_V2.exe
       Manifest:
         C:\Program Files (x86)\Microsoft SDKs\Windows\v7.0A\bin\mt.exe /nologo /verbose /outputresource:"C:\Users\Adam\documents\visual studio 2010\Projects\SUFFIX_TREE_VS_V2\Debug\SUFFIX_TREE_VS_V2.exe;#1" /manifest Debug\SUFFIX_TREE_VS_V2.exe.intermediate.manifest
       FinalizeBuildStatus:
         Deleting file "Debug\SUFFIX_TREE_VS_V2.unsuccessfulbuild".
         Touching "Debug\SUFFIX_TREE_VS_V2.lastbuildstate".
     1>Done Building Project "C:\Users\Adam\documents\visual studio 2010\Projects\SUFFIX_TREE_VS_V2\SUFFIX_TREE_VS_V2\SUFFIX_TREE_VS_V2.vcxproj" (build target(s)).

Build succeeded.

Time Elapsed 00:00:04.75
